TN:
SF:src/lib/server/auth.ts
FN:17,(anonymous_0)
FN:28,(anonymous_1)
FNF:2
FNH:2
FNDA:1,(anonymous_0)
FNDA:1,(anonymous_1)
DA:9,3
DA:18,1
DA:29,1
LF:3
LH:3
BRF:0
BRH:0
end_of_record
TN:
SF:src/lib/server/email.ts
FN:4,createTransporter
FN:19,sendEmail
FNF:2
FNH:2
FNDA:3,createTransporter
FNDA:3,sendEmail
DA:5,3
DA:6,1
DA:8,2
DA:20,3
DA:21,3
DA:22,1
DA:23,1
DA:24,1
DA:25,1
DA:26,1
DA:28,2
LF:11
LH:11
BRDA:5,0,0,1
BRDA:5,0,1,2
BRDA:5,1,0,3
BRDA:5,1,1,2
BRDA:5,1,2,2
BRDA:10,2,0,2
BRDA:10,2,1,1
BRDA:21,3,0,1
BRDA:21,3,1,2
BRF:9
BRH:9
end_of_record
TN:
SF:src/lib/server/tasks.ts
FN:5,getMondayOfWeek
FN:14,toDateString
FN:18,resolveSlots
FN:19,(anonymous_3)
FN:22,resolveObjectives
FN:27,(anonymous_5)
FN:30,insertTask
FN:62,ensureTasksForDate
FN:116,scheduleTaskManually
FNF:9
FNH:0
FNDA:0,getMondayOfWeek
FNDA:0,toDateString
FNDA:0,resolveSlots
FNDA:0,(anonymous_3)
FNDA:0,resolveObjectives
FNDA:0,(anonymous_5)
FNDA:0,insertTask
FNDA:0,ensureTasksForDate
FNDA:0,scheduleTaskManually
DA:6,0
DA:7,0
DA:8,0
DA:9,0
DA:10,0
DA:11,0
DA:15,0
DA:19,0
DA:26,0
DA:27,0
DA:31,0
DA:32,0
DA:34,0
DA:35,0
DA:37,0
DA:56,0
DA:63,0
DA:64,0
DA:65,0
DA:68,0
DA:73,0
DA:78,0
DA:79,0
DA:81,0
DA:82,0
DA:89,0
DA:90,0
DA:91,0
DA:93,0
DA:98,0
DA:99,0
DA:106,0
DA:107,0
DA:108,0
DA:110,0
DA:117,0
DA:118,0
DA:119,0
LF:38
LH:0
BRDA:8,0,0,0
BRDA:8,0,1,0
BRDA:19,1,0,0
BRDA:19,1,1,0
BRDA:26,2,0,0
BRDA:26,2,1,0
BRDA:32,3,0,0
BRDA:32,3,1,0
BRDA:32,4,0,0
BRDA:32,4,1,0
BRDA:45,5,0,0
BRDA:45,5,1,0
BRDA:46,6,0,0
BRDA:46,6,1,0
BRDA:48,7,0,0
BRDA:48,7,1,0
BRDA:49,8,0,0
BRDA:49,8,1,0
BRDA:78,9,0,0
BRDA:78,9,1,0
BRDA:79,10,0,0
BRDA:79,10,1,0
BRDA:81,11,0,0
BRDA:81,11,1,0
BRDA:98,12,0,0
BRDA:98,12,1,0
BRDA:118,13,0,0
BRDA:118,13,1,0
BRF:28
BRH:0
end_of_record
TN:
SF:src/routes/(admin)/+layout.server.ts
FN:4,(anonymous_0)
FNF:1
FNH:0
FNDA:0,(anonymous_0)
DA:4,0
DA:5,0
DA:6,0
DA:8,0
DA:9,0
DA:11,0
LF:6
LH:0
BRDA:5,0,0,0
BRDA:5,0,1,0
BRDA:8,1,0,0
BRDA:8,1,1,0
BRF:4
BRH:0
end_of_record
TN:
SF:src/routes/(admin)/admin/schedule/+page.server.ts
FN:9,(anonymous_0)
FN:43,(anonymous_1)
FNF:2
FNH:0
FNDA:0,(anonymous_0)
FNDA:0,(anonymous_1)
DA:9,0
DA:10,0
DA:11,0
DA:13,0
DA:29,0
DA:35,0
DA:42,0
DA:44,0
DA:45,0
DA:50,0
DA:51,0
DA:52,0
DA:55,0
DA:56,0
DA:58,0
DA:59,0
DA:62,0
LF:17
LH:0
BRDA:10,0,0,0
BRDA:10,0,1,0
BRDA:11,1,0,0
BRDA:11,1,1,0
BRDA:46,2,0,0
BRDA:46,2,1,0
BRDA:47,3,0,0
BRDA:47,3,1,0
BRDA:51,4,0,0
BRDA:51,4,1,0
BRDA:58,5,0,0
BRDA:58,5,1,0
BRF:12
BRH:0
end_of_record
TN:
SF:src/routes/(admin)/admin/templates/+page.server.ts
FN:7,(anonymous_0)
FN:31,(anonymous_1)
FNF:2
FNH:0
FNDA:0,(anonymous_0)
FNDA:0,(anonymous_1)
DA:7,0
DA:8,0
DA:9,0
DA:10,0
DA:12,0
DA:13,0
DA:14,0
DA:15,0
DA:16,0
DA:18,0
DA:24,0
DA:30,0
DA:32,0
DA:33,0
DA:34,0
DA:36,0
DA:38,0
DA:40,0
LF:18
LH:0
BRDA:13,0,0,0
BRDA:13,0,1,0
BRDA:14,1,0,0
BRDA:14,1,1,0
BRDA:15,2,0,0
BRDA:15,2,1,0
BRDA:16,3,0,0
BRDA:16,3,1,0
BRDA:21,4,0,0
BRDA:21,4,1,0
BRDA:36,5,0,0
BRDA:36,5,1,0
BRF:12
BRH:0
end_of_record
TN:
SF:src/routes/(admin)/admin/templates/[id]/+page.server.ts
FN:8,(anonymous_0)
FN:19,(anonymous_1)
FN:34,(anonymous_2)
FNF:3
FNH:0
FNDA:0,(anonymous_0)
FNDA:0,(anonymous_1)
FNDA:0,(anonymous_2)
DA:8,0
DA:9,0
DA:10,0
DA:12,0
DA:13,0
DA:15,0
DA:18,0
DA:20,0
DA:21,0
DA:22,0
DA:24,0
DA:25,0
DA:26,0
DA:29,0
DA:31,0
DA:35,0
DA:36,0
DA:37,0
LF:18
LH:0
BRDA:10,0,0,0
BRDA:10,0,1,0
BRDA:13,1,0,0
BRDA:13,1,1,0
BRDA:25,2,0,0
BRDA:25,2,1,0
BRF:6
BRH:0
end_of_record
TN:
SF:src/routes/(admin)/admin/templates/new/+page.server.ts
FN:8,(anonymous_0)
FNF:1
FNH:0
FNDA:0,(anonymous_0)
DA:7,0
DA:9,0
DA:10,0
DA:12,0
DA:13,0
DA:14,0
DA:17,0
DA:18,0
DA:20,0
DA:25,0
LF:10
LH:0
BRDA:13,0,0,0
BRDA:13,0,1,0
BRDA:18,1,0,0
BRDA:18,1,1,0
BRF:4
BRH:0
end_of_record
TN:
SF:src/routes/(app)/+layout.server.ts
FN:5,(anonymous_0)
FNF:1
FNH:0
FNDA:0,(anonymous_0)
DA:5,0
DA:6,0
DA:8,0
DA:9,0
DA:12,0
DA:13,0
DA:14,0
DA:16,0
LF:8
LH:0
BRDA:8,0,0,0
BRDA:8,0,1,0
BRDA:12,1,0,0
BRDA:12,1,1,0
BRF:4
BRH:0
end_of_record
TN:
SF:src/routes/(app)/+page.server.ts
FN:11,(anonymous_0)
FN:60,(anonymous_1)
FNF:2
FNH:0
FNDA:0,(anonymous_0)
FNDA:0,(anonymous_1)
DA:11,0
DA:12,0
DA:13,0
DA:14,0
DA:15,0
DA:17,0
DA:19,0
DA:20,0
DA:22,0
DA:39,0
DA:56,0
DA:59,0
DA:61,0
DA:62,0
DA:64,0
DA:65,0
DA:66,0
DA:69,0
DA:74,0
DA:75,0
DA:78,0
DA:86,0
LF:22
LH:0
BRDA:13,0,0,0
BRDA:13,0,1,0
BRDA:62,1,0,0
BRDA:62,1,1,0
BRDA:65,2,0,0
BRDA:65,2,1,0
BRDA:75,3,0,0
BRDA:75,3,1,0
BRF:8
BRH:0
end_of_record
TN:
SF:src/routes/(app)/profile/+page.server.ts
FN:9,(anonymous_0)
FN:30,(anonymous_1)
FN:58,(anonymous_2)
FNF:3
FNH:0
FNDA:0,(anonymous_0)
FNDA:0,(anonymous_1)
FNDA:0,(anonymous_2)
DA:8,0
DA:10,0
DA:11,0
DA:17,0
DA:18,0
DA:19,0
DA:22,0
DA:27,0
DA:31,0
DA:32,0
DA:34,0
DA:35,0
DA:36,0
DA:39,0
DA:44,0
DA:45,0
DA:47,0
DA:55,0
DA:59,0
DA:60,0
LF:20
LH:0
BRDA:12,0,0,0
BRDA:12,0,1,0
BRDA:13,1,0,0
BRDA:13,1,1,0
BRDA:14,2,0,0
BRDA:14,2,1,0
BRDA:18,3,0,0
BRDA:18,3,1,0
BRDA:32,4,0,0
BRDA:32,4,1,0
BRDA:35,5,0,0
BRDA:35,5,1,0
BRDA:45,6,0,0
BRDA:45,6,1,0
BRF:14
BRH:0
end_of_record
TN:
SF:src/routes/(app)/task/[id]/+page.server.ts
FN:7,(anonymous_0)
FNF:1
FNH:0
FNDA:0,(anonymous_0)
DA:7,0
DA:8,0
DA:9,0
DA:10,0
DA:12,0
DA:13,0
DA:16,0
DA:40,0
DA:41,0
DA:44,0
LF:10
LH:0
BRDA:9,0,0,0
BRDA:9,0,1,0
BRDA:12,1,0,0
BRDA:12,1,1,0
BRDA:40,2,0,0
BRDA:40,2,1,0
BRF:6
BRH:0
end_of_record
TN:
SF:src/routes/(auth)/forgot-password/+page.server.ts
FN:7,(anonymous_0)
FN:13,(anonymous_1)
FN:36,(anonymous_2)
FNF:3
FNH:3
FNDA:2,(anonymous_0)
FNDA:4,(anonymous_1)
FNDA:6,(anonymous_2)
DA:7,1
DA:8,2
DA:9,2
DA:12,1
DA:14,4
DA:15,4
DA:17,4
DA:18,4
DA:19,2
DA:22,2
DA:23,2
DA:33,2
DA:37,6
DA:38,6
DA:43,6
DA:44,6
DA:45,2
DA:48,4
DA:49,4
DA:56,3
DA:57,2
DA:59,1
DA:62,1
LF:23
LH:23
BRDA:15,0,0,4
BRDA:15,0,1,1
BRDA:18,1,0,2
BRDA:18,1,1,2
BRDA:39,2,0,6
BRDA:39,2,1,1
BRDA:40,3,0,6
BRDA:40,3,1,1
BRDA:44,4,0,2
BRDA:44,4,1,4
BRDA:56,5,0,2
BRDA:56,5,1,1
BRDA:57,6,0,2
BRDA:57,6,1,1
BRF:14
BRH:14
end_of_record
TN:
SF:src/routes/(auth)/sign-in/+page.server.ts
FN:7,(anonymous_0)
FN:16,(anonymous_1)
FNF:2
FNH:2
FNDA:3,(anonymous_0)
FNDA:6,(anonymous_1)
DA:7,1
DA:8,3
DA:9,1
DA:11,2
DA:12,2
DA:15,1
DA:17,6
DA:18,6
DA:23,6
DA:24,6
DA:25,2
DA:28,4
DA:29,4
DA:37,3
DA:38,2
DA:40,1
DA:43,1
LF:17
LH:17
BRDA:8,0,0,1
BRDA:8,0,1,2
BRDA:19,1,0,6
BRDA:19,1,1,1
BRDA:20,2,0,6
BRDA:20,2,1,1
BRDA:24,3,0,2
BRDA:24,3,1,4
BRDA:37,4,0,2
BRDA:37,4,1,1
BRDA:38,5,0,2
BRDA:38,5,1,1
BRF:12
BRH:12
end_of_record
TN:
SF:src/routes/(auth)/sign-up/+page.server.ts
FN:9,(anonymous_0)
FN:17,(anonymous_1)
FNF:2
FNH:2
FNDA:2,(anonymous_0)
FNDA:9,(anonymous_1)
DA:9,1
DA:10,2
DA:11,1
DA:13,1
DA:16,1
DA:18,9
DA:19,9
DA:26,9
DA:27,9
DA:28,3
DA:31,6
DA:32,6
DA:42,2
DA:43,1
DA:52,4
DA:53,3
DA:55,1
DA:58,2
LF:18
LH:18
BRDA:10,0,0,1
BRDA:10,0,1,1
BRDA:20,1,0,9
BRDA:20,1,1,1
BRDA:21,2,0,9
BRDA:21,2,1,1
BRDA:22,3,0,9
BRDA:22,3,1,2
BRDA:23,4,0,9
BRDA:23,4,1,2
BRDA:27,5,0,3
BRDA:27,5,1,6
BRDA:42,6,0,1
BRDA:42,6,1,1
BRDA:52,7,0,3
BRDA:52,7,1,1
BRDA:53,8,0,3
BRDA:53,8,1,2
BRF:18
BRH:18
end_of_record
TN:
SF:src/routes/(auth)/verify/+page.server.ts
FN:3,(anonymous_0)
FNF:1
FNH:1
FNDA:3,(anonymous_0)
DA:3,1
DA:4,3
DA:5,3
DA:6,3
DA:7,3
LF:5
LH:5
BRF:0
BRH:0
end_of_record
